TN:
SF:src/cli.js
FN:20,printUsage
FN:69,parseJsonConfig
FN:80,commandModels
FN:86,commandList
FN:116,commandRead
FN:155,commandGenerateOrEdit
FN:234,commandServer
FN:255,main
FNF:8
FNH:7
FNDA:1,printUsage
FNDA:3,parseJsonConfig
FNDA:1,commandModels
FNDA:1,commandList
FNDA:1,commandRead
FNDA:5,commandGenerateOrEdit
FNDA:0,commandServer
FNDA:10,main
DA:1,10
DA:2,10
DA:3,10
DA:4,10
DA:5,10
DA:6,10
DA:7,10
DA:8,10
DA:9,10
DA:10,10
DA:11,10
DA:12,10
DA:13,10
DA:14,10
DA:15,10
DA:16,10
DA:17,10
DA:18,10
DA:19,10
DA:20,1
DA:21,1
DA:22,1
DA:23,1
DA:24,1
DA:25,1
DA:26,1
DA:27,1
DA:28,1
DA:29,1
DA:30,1
DA:31,1
DA:32,1
DA:33,1
DA:34,1
DA:35,1
DA:36,1
DA:37,1
DA:38,1
DA:39,1
DA:40,1
DA:41,1
DA:42,1
DA:43,1
DA:44,1
DA:45,1
DA:46,1
DA:47,1
DA:48,1
DA:49,1
DA:50,1
DA:51,1
DA:52,1
DA:53,1
DA:54,1
DA:55,1
DA:56,1
DA:57,1
DA:58,1
DA:59,1
DA:60,1
DA:61,1
DA:62,1
DA:63,1
DA:64,1
DA:65,1
DA:66,1
DA:67,1
DA:68,10
DA:69,3
DA:70,3
DA:71,0
DA:72,0
DA:73,3
DA:74,0
DA:75,0
DA:76,0
DA:77,0
DA:78,3
DA:79,10
DA:80,1
DA:81,1
DA:82,1
DA:83,1
DA:84,1
DA:85,10
DA:86,1
DA:87,1
DA:88,1
DA:89,1
DA:90,1
DA:91,1
DA:92,1
DA:93,1
DA:94,1
DA:95,1
DA:96,1
DA:97,1
DA:98,1
DA:99,1
DA:100,1
DA:101,1
DA:102,1
DA:103,1
DA:104,1
DA:105,0
DA:106,0
DA:107,0
DA:108,0
DA:109,0
DA:110,0
DA:111,0
DA:112,0
DA:113,0
DA:114,1
DA:115,10
DA:116,1
DA:117,1
DA:118,1
DA:119,1
DA:120,1
DA:121,1
DA:122,1
DA:123,1
DA:124,1
DA:125,1
DA:126,1
DA:127,1
DA:128,1
DA:129,1
DA:130,1
DA:131,1
DA:132,1
DA:133,1
DA:134,0
DA:135,0
DA:136,1
DA:137,1
DA:138,1
DA:139,1
DA:140,1
DA:141,1
DA:142,1
DA:143,1
DA:144,1
DA:145,0
DA:146,0
DA:147,0
DA:148,0
DA:149,0
DA:150,0
DA:151,0
DA:152,0
DA:153,1
DA:154,10
DA:155,5
DA:156,5
DA:157,5
DA:158,5
DA:159,5
DA:160,5
DA:161,5
DA:162,5
DA:163,5
DA:164,5
DA:165,5
DA:166,5
DA:167,5
DA:168,5
DA:169,5
DA:170,5
DA:171,5
DA:172,5
DA:173,5
DA:174,1
DA:175,1
DA:176,4
DA:177,5
DA:178,5
DA:179,1
DA:180,1
DA:181,3
DA:182,3
DA:183,3
DA:184,3
DA:185,3
DA:186,3
DA:187,2
DA:188,2
DA:189,1
DA:190,1
DA:191,1
DA:192,1
DA:193,1
DA:194,2
DA:195,2
DA:196,2
DA:197,2
DA:198,2
DA:199,2
DA:200,2
DA:201,2
DA:202,2
DA:203,2
DA:204,0
DA:205,0
DA:206,2
DA:207,2
DA:208,2
DA:209,5
DA:210,5
DA:211,5
DA:212,5
DA:213,5
DA:214,5
DA:215,5
DA:216,2
DA:217,2
DA:218,2
DA:219,5
DA:220,5
DA:221,5
DA:222,5
DA:223,5
DA:224,5
DA:225,5
DA:226,5
DA:227,2
DA:228,2
DA:229,2
DA:230,2
DA:231,2
DA:232,5
DA:233,10
DA:234,0
DA:235,0
DA:236,0
DA:237,0
DA:238,0
DA:239,0
DA:240,0
DA:241,0
DA:242,0
DA:243,0
DA:244,0
DA:245,0
DA:246,0
DA:247,0
DA:248,0
DA:249,0
DA:250,0
DA:251,0
DA:252,0
DA:253,0
DA:254,10
DA:255,10
DA:256,10
DA:257,10
DA:258,10
DA:259,10
DA:260,1
DA:261,1
DA:262,1
DA:263,9
DA:264,10
DA:265,0
DA:266,0
DA:267,0
DA:268,0
DA:269,9
DA:270,9
DA:271,8
DA:272,7
DA:273,10
DA:274,1
DA:275,1
DA:276,1
DA:277,10
DA:278,10
DA:279,10
DA:280,6
DA:281,6
DA:282,6
DA:283,10
LF:283
LH:232
BRDA:1,0,0,10
BRDA:20,1,0,1
BRDA:69,2,0,3
BRDA:71,3,0,0
BRDA:73,4,0,0
BRDA:73,5,0,0
BRDA:80,6,0,1
BRDA:86,7,0,1
BRDA:99,8,0,0
BRDA:105,9,0,0
BRDA:116,10,0,1
BRDA:128,11,0,0
BRDA:134,12,0,0
BRDA:141,13,0,0
BRDA:141,14,0,0
BRDA:144,15,0,0
BRDA:155,16,0,5
BRDA:170,17,0,0
BRDA:173,18,0,1
BRDA:176,19,0,4
BRDA:177,20,0,1
BRDA:177,21,0,1
BRDA:178,22,0,4
BRDA:178,23,0,1
BRDA:181,24,0,3
BRDA:186,25,0,2
BRDA:188,26,0,1
BRDA:203,27,0,0
BRDA:209,28,0,0
BRDA:211,29,0,0
BRDA:216,30,0,2
BRDA:219,31,0,1
BRDA:219,32,0,1
BRDA:226,33,0,2
BRDA:226,34,0,1
BRDA:255,35,0,10
BRDA:259,36,0,1
BRDA:263,37,0,9
BRDA:264,38,0,9
BRDA:264,39,0,0
BRDA:270,40,0,1
BRDA:271,41,0,8
BRDA:271,42,0,1
BRDA:272,43,0,7
BRDA:272,44,0,1
BRDA:273,45,0,6
BRDA:273,46,0,3
BRDA:273,47,0,6
BRDA:273,48,0,5
BRDA:274,49,0,1
BRDA:274,50,0,0
BRDA:279,51,0,6
BRDA:281,52,0,0
BRF:53
BRH:36
end_of_record
TN:
SF:src/core.js
FN:11,safeJoinOutputDir
FN:21,assertNotSymlink
FN:29,callOpenRouterResponses
FN:80,extractBase64FromResponse
FN:99,stripDataUrlPrefix
FN:106,sniffImageMimeType
FN:153,isLikelyImagePath
FN:158,listOutputImages
FN:217,readOutputImage
FN:230,desiredExtensionsForMimeType
FN:245,fixOutputPathExtensionForMimeType
FN:269,summarizeOpenRouterResponse
FN:289,fetchOpenRouterImageModels
FN:299,estimateCostPerImage
FN:337,formatModelsAsMarkdown
FNF:15
FNH:12
FNDA:3,safeJoinOutputDir
FNDA:1,assertNotSymlink
FNDA:2,callOpenRouterResponses
FNDA:2,extractBase64FromResponse
FNDA:2,stripDataUrlPrefix
FNDA:3,sniffImageMimeType
FNDA:0,isLikelyImagePath
FNDA:0,listOutputImages
FNDA:1,readOutputImage
FNDA:2,desiredExtensionsForMimeType
FNDA:2,fixOutputPathExtensionForMimeType
FNDA:0,summarizeOpenRouterResponse
FNDA:1,fetchOpenRouterImageModels
FNDA:1,estimateCostPerImage
FNDA:1,formatModelsAsMarkdown
DA:1,10
DA:2,10
DA:3,10
DA:4,10
DA:5,10
DA:6,10
DA:7,10
DA:8,10
DA:9,10
DA:10,10
DA:11,10
DA:12,3
DA:13,3
DA:14,3
DA:15,3
DA:16,0
DA:17,0
DA:18,3
DA:19,3
DA:20,10
DA:21,10
DA:22,1
DA:23,1
DA:24,0
DA:25,0
DA:26,1
DA:27,1
DA:28,10
DA:29,10
DA:30,2
DA:31,0
DA:32,0
DA:33,2
DA:34,2
DA:35,2
DA:36,1
DA:37,1
DA:38,2
DA:39,2
DA:40,2
DA:41,2
DA:42,2
DA:43,2
DA:44,2
DA:45,2
DA:46,2
DA:47,2
DA:48,2
DA:49,2
DA:50,2
DA:51,0
DA:52,0
DA:53,2
DA:54,2
DA:55,2
DA:56,2
DA:57,2
DA:58,2
DA:59,2
DA:60,0
DA:61,0
DA:62,2
DA:63,2
DA:64,2
DA:65,2
DA:66,2
DA:67,2
DA:68,2
DA:69,2
DA:70,2
DA:71,2
DA:72,2
DA:73,0
DA:74,0
DA:75,0
DA:76,2
DA:77,2
DA:78,2
DA:79,10
DA:80,10
DA:81,2
DA:82,2
DA:83,2
DA:84,2
DA:85,2
DA:86,2
DA:87,2
DA:88,0
DA:89,0
DA:90,2
DA:91,0
DA:92,0
DA:93,2
DA:94,2
DA:95,0
DA:96,0
DA:97,2
DA:98,10
DA:99,10
DA:100,2
DA:101,2
DA:102,2
DA:103,2
DA:104,2
DA:105,10
DA:106,10
DA:107,3
DA:108,3
DA:109,3
DA:110,3
DA:111,3
DA:112,3
DA:113,3
DA:114,3
DA:115,3
DA:116,3
DA:117,3
DA:118,3
DA:119,3
DA:120,3
DA:121,0
DA:122,3
DA:123,0
DA:124,0
DA:125,0
DA:126,0
DA:127,0
DA:128,3
DA:129,3
DA:130,3
DA:131,3
DA:132,0
DA:133,3
DA:134,0
DA:135,0
DA:136,0
DA:137,0
DA:138,0
DA:139,3
DA:140,3
DA:141,3
DA:142,3
DA:143,3
DA:144,3
DA:145,0
DA:146,3
DA:147,0
DA:148,0
DA:149,0
DA:150,0
DA:151,3
DA:152,10
DA:153,0
DA:154,0
DA:155,0
DA:156,0
DA:157,10
DA:158,10
DA:159,0
DA:160,0
DA:161,0
DA:162,0
DA:163,0
DA:164,0
DA:165,0
DA:166,0
DA:167,0
DA:168,0
DA:169,0
DA:170,0
DA:171,0
DA:172,0
DA:173,0
DA:174,0
DA:175,0
DA:176,0
DA:177,0
DA:178,0
DA:179,0
DA:180,0
DA:181,0
DA:182,0
DA:183,0
DA:184,0
DA:185,0
DA:186,0
DA:187,0
DA:188,0
DA:189,0
DA:190,0
DA:191,0
DA:192,0
DA:193,0
DA:194,0
DA:195,0
DA:196,0
DA:197,0
DA:198,0
DA:199,0
DA:200,0
DA:201,0
DA:202,0
DA:203,0
DA:204,0
DA:205,0
DA:206,0
DA:207,0
DA:208,0
DA:209,0
DA:210,0
DA:211,0
DA:212,0
DA:213,0
DA:214,0
DA:215,0
DA:216,10
DA:217,10
DA:218,1
DA:219,1
DA:220,1
DA:221,1
DA:222,1
DA:223,1
DA:224,1
DA:225,1
DA:226,1
DA:227,1
DA:228,1
DA:229,10
DA:230,2
DA:231,2
DA:232,2
DA:233,2
DA:234,2
DA:235,0
DA:236,2
DA:237,0
DA:238,2
DA:239,0
DA:240,2
DA:241,0
DA:242,2
DA:243,2
DA:244,10
DA:245,10
DA:246,2
DA:247,2
DA:248,2
DA:249,2
DA:250,2
DA:251,2
DA:252,2
DA:253,2
DA:254,1
DA:255,1
DA:256,1
DA:257,1
DA:258,0
DA:259,0
DA:260,1
DA:261,1
DA:262,1
DA:263,1
DA:264,1
DA:265,0
DA:266,0
DA:267,2
DA:268,10
DA:269,10
DA:270,0
DA:271,0
DA:272,0
DA:273,0
DA:274,0
DA:275,0
DA:276,0
DA:277,0
DA:278,0
DA:279,0
DA:280,0
DA:281,0
DA:282,0
DA:283,0
DA:284,0
DA:285,0
DA:286,10
DA:287,10
DA:288,10
DA:289,10
DA:290,1
DA:291,1
DA:292,0
DA:293,0
DA:294,0
DA:295,1
DA:296,1
DA:297,1
DA:298,10
DA:299,1
DA:300,1
DA:301,1
DA:302,1
DA:303,1
DA:304,0
DA:305,0
DA:306,0
DA:307,0
DA:308,0
DA:309,0
DA:310,1
DA:311,0
DA:312,0
DA:313,0
DA:314,0
DA:315,0
DA:316,1
DA:317,0
DA:318,0
DA:319,0
DA:320,1
DA:321,0
DA:322,0
DA:323,0
DA:324,0
DA:325,0
DA:326,1
DA:327,1
DA:328,1
DA:329,1
DA:330,1
DA:331,1
DA:332,1
DA:333,0
DA:334,0
DA:335,1
DA:336,10
DA:337,10
DA:338,1
DA:339,1
DA:340,1
DA:341,1
DA:342,1
DA:343,1
DA:344,1
DA:345,1
DA:346,1
DA:347,1
DA:348,1
DA:349,1
DA:350,1
DA:351,1
DA:352,1
DA:353,1
DA:354,1
LF:354
LH:209
BRDA:1,0,0,10
BRDA:4,1,0,8
BRDA:5,2,0,8
BRDA:7,3,0,8
BRDA:287,4,0,9
BRDA:11,5,0,3
BRDA:12,6,0,0
BRDA:15,7,0,0
BRDA:15,8,0,0
BRDA:21,9,0,1
BRDA:23,10,0,0
BRDA:29,11,0,2
BRDA:30,12,0,0
BRDA:35,13,0,1
BRDA:35,14,0,1
BRDA:50,15,0,0
BRDA:50,16,0,0
BRDA:59,17,0,0
BRDA:72,18,0,0
BRDA:80,19,0,2
BRDA:87,20,0,0
BRDA:87,21,0,0
BRDA:87,22,0,0
BRDA:87,23,0,0
BRDA:91,24,0,0
BRDA:94,25,0,0
BRDA:94,26,0,0
BRDA:99,27,0,2
BRDA:100,28,0,0
BRDA:102,29,0,0
BRDA:106,30,0,3
BRDA:107,31,0,0
BRDA:121,32,0,0
BRDA:122,33,0,0
BRDA:122,34,0,0
BRDA:128,35,0,0
BRDA:129,36,0,0
BRDA:130,37,0,0
BRDA:131,38,0,0
BRDA:133,39,0,0
BRDA:139,40,0,0
BRDA:140,41,0,0
BRDA:141,42,0,0
BRDA:142,43,0,0
BRDA:143,44,0,0
BRDA:144,45,0,0
BRDA:146,46,0,0
BRDA:217,47,0,1
BRDA:221,48,0,0
BRDA:230,49,0,2
BRDA:234,50,0,0
BRDA:236,51,0,0
BRDA:238,52,0,0
BRDA:240,53,0,0
BRDA:245,54,0,2
BRDA:247,55,0,0
BRDA:249,56,0,0
BRDA:253,57,0,1
BRDA:257,58,0,0
BRDA:265,59,0,0
BRDA:289,60,0,1
BRDA:291,61,0,0
BRDA:296,62,0,0
BRDA:299,63,0,1
BRDA:300,64,0,0
BRDA:301,65,0,0
BRDA:303,66,0,0
BRDA:310,67,0,0
BRDA:316,68,0,0
BRDA:320,69,0,0
BRDA:327,70,0,0
BRDA:330,71,0,0
BRDA:333,72,0,0
BRDA:337,73,0,1
BRDA:338,74,0,1
BRDA:341,75,0,0
BRDA:341,76,0,0
BRDA:342,77,0,0
BRDA:342,78,0,0
BRDA:343,79,0,0
BRDA:343,80,0,0
BRDA:344,81,0,0
BRDA:344,82,0,0
BRDA:350,83,0,1
BRF:84
BRH:22
end_of_record
